


ARM Macro Assembler    Page 1 


    1 00000000                 PRESERVE8
    2 00000000                 THUMB
    3 00000000         
    4 00000000         
    5 00000000         ; ====================== zone de réservation de données,
                         ======================================
    6 00000000         ;Section RAM (read only) :
    7 00000000                 area             mesdata,data,readonly
    8 00000000         
    9 00000000         
   10 00000000         ;Section RAM (read write):
   11 00000000                 area             maram,data,readwrite
   12 00000000 00      Flag    dcb              0x0
   13 00000001         
   14 00000001         
   15 00000001         ; ======================================================
                       =========================================
   16 00000001         
   17 00000001                 include          DriverJeuLaser.inc
    1 00000001         
    2 00000001         ; Bibliotheque DriverJeuLaser (ancienne gassp72 adaptée 
                       2021 - TR)
    3 00000001         ; Accès en aux fonctions suivantes :
    4 00000001         ; GPIO :
    5 00000001         ; GPIOA_Set(char Broche), GPIOB_Set(char Broche), GPIOC_
                       Set(char Broche)
    6 00000001         ; GPIOA_Clear(char Broche), GPIOB_Clear(char Broche), GP
                       IOC_Clear(char Broche)
    7 00000001         
    8 00000001         ; PWM :
    9 00000001         ;/**
   10 00000001         ; * @brief  Fixe une valeur de PWM, Val, en tick horloge
                       . La rapport cyclique effectif
   11 00000001         ; * est donc : rcy = Thaut_ticks / Periode_ticks
   12 00000001         ; * @note   spécifique Jeu Laser, PWM liée exclusivement
                        au TIM3, chan3
   13 00000001         ; * @param  Thaut_ticks : durée de l'état haut d'une imp
                       ulsion en Ticks
   14 00000001         ;  * @retval None
   15 00000001         ; */
   16 00000001         
   17 00000001         ;void PWM_Set_Value_TIM3_Ch3( unsigned short int Thaut_t
                       icks);
   18 00000001                 import           PWM_Set_Value_TIM3_Ch3
   19 00000001         
   20 00000001         
   21 00000001         
   22 00000001         ;/**
   23 00000001         ; * @brief  Mise à 1 d'une broche GPIO 
   24 00000001         ;  * @note   Une fonction par GPIO
   25 00000001         ; * @param  Broche : 0 à 15
   26 00000001         ; * @retval None
   27 00000001         ; */
   28 00000001         
   29 00000001         ;void GPIOA_Set(char Broche);
   30 00000001                 import           GPIOA_Set
   31 00000001         
   32 00000001         ;void GPIOB_Set(char Broche);
   33 00000001                 import           GPIOB_Set



ARM Macro Assembler    Page 2 


   34 00000001         
   35 00000001         ;void GPIOC_Set(char Broche);
   36 00000001                 import           GPIOC_Set
   37 00000001         
   38 00000001         
   39 00000001         
   40 00000001         ;/**
   41 00000001         ; * @brief  Mise à 0 d'une broche GPIO 
   42 00000001         ;  * @note   Une fonction par GPIO
   43 00000001         ; * @param  Broche : 0 à 15
   44 00000001         ; * @retval None
   45 00000001         ;  */
   46 00000001         
   47 00000001         ;void GPIOA_Clear(char Broche);
   48 00000001                 import           GPIOA_Clear
   49 00000001         
   50 00000001         ;void GPIOB_Clear(char Broche);
   51 00000001                 import           GPIOB_Clear
   52 00000001         
   53 00000001         ;void GPIOC_Clear(char Broche);
   54 00000001                 import           GPIOC_Clear
   55 00000001         
   56 00000001                 end
   18 00000001                 export           TimeCallback
   19 00000001                 export           Flag
   20 00000001         
   21 00000001         ;Section ROM code (read only) :  
   22 00000001                 area             moncode,code,readonly
   23 00000000         ; écrire le code ici  
   24 00000000         
   25 00000000         
   26 00000000         
   27 00000000         
   28 00000000         TimeCallback
                               proc
   29 00000000         
   30 00000000 4C09            ldr              r4, =Flag
   31 00000002 7822            ldrb             r2, [r4]
   32 00000004 F04F 0001       mov              r0, #1
   33 00000008 2A01            CMP              r2, #1
   34 0000000A D006            BEQ              oui
   35 0000000C B500            push             {lr}
   36 0000000E F7FF FFFE       bl               GPIOB_Set
   37 00000012 F04F 0201       mov              r2, #1
   38 00000016 6022            str              r2, [r4]
   39 00000018 BD00            pop{pc}
   40 0000001A         
   41 0000001A         oui
   42 0000001A B500            push             {lr}
   43 0000001C F7FF FFFE       bl               GPIOB_Clear
   44 00000020 F04F 0200       mov              r2, #0
   45 00000024 6022            str              r2,[r4]
   46 00000026 BD00            pop              {pc}
   47 00000028         
   48 00000028                 endp
   49 00000028         
   50 00000028                 END
              00000000 
Command Line: --debug --xref --diag_suppress=9931 --cpu=Cortex-M3 --apcs=interw



ARM Macro Assembler    Page 3 


ork --depend=.\obj\cligno.d -o.\obj\cligno.o -I.\Driver -I.\RTE\_Simu -IC:\Prog
ramdata\Keil\Arm\Packs\ARM\CMSIS\5.7.0\CMSIS\Core\Include -IC:\Programdata\Keil
\Arm\Packs\Keil\STM32F1xx_DFP\2.3.0\Device\Include --predefine="__EVAL SETA 1" 
--predefine="__MICROLIB SETA 1" --predefine="__UVISION_VERSION SETA 534" --pred
efine="_RTE_ SETA 1" --predefine="STM32F10X_MD SETA 1" --predefine="_RTE_ SETA 
1" --list=cligno.lst Src\Cligno.s



ARM Macro Assembler    Page 1 Alphabetic symbol ordering
Relocatable symbols

mesdata 00000000

Symbol: mesdata
   Definitions
      At line 7 in file Src\Cligno.s
   Uses
      None
Comment: mesdata unused
1 symbol



ARM Macro Assembler    Page 1 Alphabetic symbol ordering
Relocatable symbols

Flag 00000000

Symbol: Flag
   Definitions
      At line 12 in file Src\Cligno.s
   Uses
      At line 19 in file Src\Cligno.s
      At line 30 in file Src\Cligno.s

maram 00000000

Symbol: maram
   Definitions
      At line 11 in file Src\Cligno.s
   Uses
      None
Comment: maram unused
2 symbols



ARM Macro Assembler    Page 1 Alphabetic symbol ordering
Relocatable symbols

TimeCallback 00000000

Symbol: TimeCallback
   Definitions
      At line 28 in file Src\Cligno.s
   Uses
      At line 18 in file Src\Cligno.s
Comment: TimeCallback used once
moncode 00000000

Symbol: moncode
   Definitions
      At line 22 in file Src\Cligno.s
   Uses
      None
Comment: moncode unused
oui 0000001A

Symbol: oui
   Definitions
      At line 41 in file Src\Cligno.s
   Uses
      At line 34 in file Src\Cligno.s
Comment: oui used once
3 symbols



ARM Macro Assembler    Page 1 Alphabetic symbol ordering
External symbols

GPIOA_Clear 00000000

Symbol: GPIOA_Clear
   Definitions
      At line 48 in file .\Driver\DriverJeuLaser.inc
   Uses
      None
Comment: GPIOA_Clear unused
GPIOA_Set 00000000

Symbol: GPIOA_Set
   Definitions
      At line 30 in file .\Driver\DriverJeuLaser.inc
   Uses
      None
Comment: GPIOA_Set unused
GPIOB_Clear 00000000

Symbol: GPIOB_Clear
   Definitions
      At line 51 in file .\Driver\DriverJeuLaser.inc
   Uses
      At line 43 in file Src\Cligno.s
Comment: GPIOB_Clear used once
GPIOB_Set 00000000

Symbol: GPIOB_Set
   Definitions
      At line 33 in file .\Driver\DriverJeuLaser.inc
   Uses
      At line 36 in file Src\Cligno.s
Comment: GPIOB_Set used once
GPIOC_Clear 00000000

Symbol: GPIOC_Clear
   Definitions
      At line 54 in file .\Driver\DriverJeuLaser.inc
   Uses
      None
Comment: GPIOC_Clear unused
GPIOC_Set 00000000

Symbol: GPIOC_Set
   Definitions
      At line 36 in file .\Driver\DriverJeuLaser.inc
   Uses
      None
Comment: GPIOC_Set unused
PWM_Set_Value_TIM3_Ch3 00000000

Symbol: PWM_Set_Value_TIM3_Ch3
   Definitions
      At line 18 in file .\Driver\DriverJeuLaser.inc
   Uses
      None
Comment: PWM_Set_Value_TIM3_Ch3 unused
7 symbols
350 symbols in table
