


ARM Macro Assembler    Page 1 


    1 00000000                 PRESERVE8
    2 00000000                 THUMB
    3 00000000         
    4 00000000                 include          DriverJeuLaser.inc
    1 00000000         
    2 00000000         ; Bibliotheque DriverJeuLaser (ancienne gassp72 adaptée 
                       2021 - TR)
    3 00000000         ; Accès en aux fonctions suivantes :
    4 00000000         ; GPIO :
    5 00000000         ; GPIOA_Set(char Broche), GPIOB_Set(char Broche), GPIOC_
                       Set(char Broche)
    6 00000000         ; GPIOA_Clear(char Broche), GPIOB_Clear(char Broche), GP
                       IOC_Clear(char Broche)
    7 00000000         
    8 00000000         ; PWM :
    9 00000000         ;/**
   10 00000000         ; * @brief  Fixe une valeur de PWM, Val, en tick horloge
                       . La rapport cyclique effectif
   11 00000000         ; * est donc : rcy = Thaut_ticks / Periode_ticks
   12 00000000         ; * @note   spécifique Jeu Laser, PWM liée exclusivement
                        au TIM3, chan3
   13 00000000         ; * @param  Thaut_ticks : durée de l'état haut d'une imp
                       ulsion en Ticks
   14 00000000         ;  * @retval None
   15 00000000         ; */
   16 00000000         
   17 00000000         ;void PWM_Set_Value_TIM3_Ch3( unsigned short int Thaut_t
                       icks);
   18 00000000                 import           PWM_Set_Value_TIM3_Ch3
   19 00000000         
   20 00000000         
   21 00000000         
   22 00000000         ;/**
   23 00000000         ; * @brief  Mise à 1 d'une broche GPIO 
   24 00000000         ;  * @note   Une fonction par GPIO
   25 00000000         ; * @param  Broche : 0 à 15
   26 00000000         ; * @retval None
   27 00000000         ; */
   28 00000000         
   29 00000000         ;void GPIOA_Set(char Broche);
   30 00000000                 import           GPIOA_Set
   31 00000000         
   32 00000000         ;void GPIOB_Set(char Broche);
   33 00000000                 import           GPIOB_Set
   34 00000000         
   35 00000000         ;void GPIOC_Set(char Broche);
   36 00000000                 import           GPIOC_Set
   37 00000000         
   38 00000000         
   39 00000000         
   40 00000000         ;/**
   41 00000000         ; * @brief  Mise à 0 d'une broche GPIO 
   42 00000000         ;  * @note   Une fonction par GPIO
   43 00000000         ; * @param  Broche : 0 à 15
   44 00000000         ; * @retval None
   45 00000000         ;  */
   46 00000000         
   47 00000000         ;void GPIOA_Clear(char Broche);
   48 00000000                 import           GPIOA_Clear



ARM Macro Assembler    Page 2 


   49 00000000         
   50 00000000         ;void GPIOB_Clear(char Broche);
   51 00000000                 import           GPIOB_Clear
   52 00000000         
   53 00000000         ;void GPIOC_Clear(char Broche);
   54 00000000                 import           GPIOC_Clear
   55 00000000         
   56 00000000                 end
    5 00000000         ; ====================== zone de réservation de données,
                         ======================================
    6 00000000         ;Section RAM (read only) :
    7 00000000                 area             mesdata,data,readonly
    8 00000000         
    9 00000000         
   10 00000000         
   11 00000000         ;Section RAM (read write):
   12 00000000                 area             maram,data,readwrite
   13 00000000                 import           Son
   14 00000000                 export           CallbackSon
   15 00000000         
   16 00000000 00000000 
                       Index   dcd              0x0
   17 00000004 00000000 
                       SortieSon
                               dcd              0x0
   18 00000008                 export           SortieSon
   19 00000008         ; ======================================================
                       =========================================
   20 00000008         
   21 00000008         
   22 00000008         ;Section ROM code (read only) :  
   23 00000008                 area             moncode,code,readonly
   24 00000000         
   25 00000000         ; écrire le code ici 
   26 00000000         
   27 00000000         ; R4 sera échantillon
   28 00000000         
   29 00000000         ;echantillon = Son[index]
   30 00000000         ;echantillon = echantillon + 32 768
   31 00000000         ;echantillon = (echantillon*719)/65536 // >>16
   32 00000000         ;SortieSon = echantillon
   33 00000000         ;index++
   34 00000000         
   35 00000000         
   36 00000000         
   37 00000000         CallbackSon
                               proc
   38 00000000         
   39 00000000         ;si index < 5512
   40 00000000 B470            push{r4,         r5, r6}
   41 00000002         
   42 00000002 490D            ldr              r1,=Index   ;r2 = &Index
   43 00000004 680A            ldr              r2, [r1]    ;r1 = valeur pointé
                                                            e par r2
   44 00000006 F241 5388       mov              r3, #5512   ;r3 = 5512
   45 0000000A 429A            CMP              r2, r3      ;if r2 != r3
   46 0000000C D100            BNE              fction
   47 0000000E 4770            bx               lr
   48 00000010         



ARM Macro Assembler    Page 3 


   49 00000010         
   50 00000010         fction
   51 00000010         ;echantillon = Son[index]
   52 00000010         
   53 00000010 490A            ldr              r1,=Son
   54 00000012 F931 4012       ldrsh            r4 ,[R1, r2, lsl #1] 
                                                            ;r4 = *(r1+r2*2)
   55 00000016         ;echantillon = echantillon + 32 768
   56 00000016 F504 4400       add              r4, #32768
   57 0000001A         ;echantillon = (echantillon*719)/65536 // >>16
   58 0000001A F240 23CF       mov              r3, #719
   59 0000001E FB04 F403       mul              r4, r3
   60 00000022 EA4F 4414       lsr              r4, #16
   61 00000026         ;SortieSon = echantillon
   62 00000026         
   63 00000026 4D06            ldr              r5,=SortieSon
   64 00000028 602C            str              r4, [r5]    ;*r5 = r4
   65 0000002A         
   66 0000002A         ;index++
   67 0000002A F102 0201       add              r2, #1
   68 0000002E         
   69 0000002E 4E02            ldr              r6,=Index
   70 00000030 6032            str              r2, [r6]    ;*r5 = r4
   71 00000032 BC70            pop              {r4, r5, r6}
   72 00000034         
   73 00000034 4770            bx               lr
   74 00000036                 endp
   75 00000036         
   76 00000036                 END
              00 00 00000000 
              00000000 
              00000000 
Command Line: --debug --xref --diag_suppress=9931 --cpu=Cortex-M3 --apcs=interw
ork --depend=.\obj\gestionson.d -o.\obj\gestionson.o -I.\Driver -I.\RTE\_Simu -
IC:\Programdata\Keil\Arm\Packs\ARM\CMSIS\5.7.0\CMSIS\Core\Include -IC:\Programd
ata\Keil\Arm\Packs\Keil\STM32F1xx_DFP\2.3.0\Device\Include --predefine="__EVAL 
SETA 1" --predefine="__MICROLIB SETA 1" --predefine="__UVISION_VERSION SETA 534
" --predefine="_RTE_ SETA 1" --predefine="STM32F10X_MD SETA 1" --predefine="_RT
E_ SETA 1" --list=gestionson.lst ..\PjtKEIL_StepSon\Src\GestionSon.s



ARM Macro Assembler    Page 1 Alphabetic symbol ordering
Relocatable symbols

mesdata 00000000

Symbol: mesdata
   Definitions
      At line 7 in file ..\PjtKEIL_StepSon\Src\GestionSon.s
   Uses
      None
Comment: mesdata unused
1 symbol



ARM Macro Assembler    Page 1 Alphabetic symbol ordering
Relocatable symbols

Index 00000000

Symbol: Index
   Definitions
      At line 16 in file ..\PjtKEIL_StepSon\Src\GestionSon.s
   Uses
      At line 42 in file ..\PjtKEIL_StepSon\Src\GestionSon.s
      At line 69 in file ..\PjtKEIL_StepSon\Src\GestionSon.s

SortieSon 00000004

Symbol: SortieSon
   Definitions
      At line 17 in file ..\PjtKEIL_StepSon\Src\GestionSon.s
   Uses
      At line 18 in file ..\PjtKEIL_StepSon\Src\GestionSon.s
      At line 63 in file ..\PjtKEIL_StepSon\Src\GestionSon.s

maram 00000000

Symbol: maram
   Definitions
      At line 12 in file ..\PjtKEIL_StepSon\Src\GestionSon.s
   Uses
      None
Comment: maram unused
3 symbols



ARM Macro Assembler    Page 1 Alphabetic symbol ordering
Relocatable symbols

CallbackSon 00000000

Symbol: CallbackSon
   Definitions
      At line 37 in file ..\PjtKEIL_StepSon\Src\GestionSon.s
   Uses
      At line 14 in file ..\PjtKEIL_StepSon\Src\GestionSon.s
Comment: CallbackSon used once
fction 00000010

Symbol: fction
   Definitions
      At line 50 in file ..\PjtKEIL_StepSon\Src\GestionSon.s
   Uses
      At line 46 in file ..\PjtKEIL_StepSon\Src\GestionSon.s
Comment: fction used once
moncode 00000000

Symbol: moncode
   Definitions
      At line 23 in file ..\PjtKEIL_StepSon\Src\GestionSon.s
   Uses
      None
Comment: moncode unused
3 symbols



ARM Macro Assembler    Page 1 Alphabetic symbol ordering
External symbols

GPIOA_Clear 00000000

Symbol: GPIOA_Clear
   Definitions
      At line 48 in file .\Driver\DriverJeuLaser.inc
   Uses
      None
Comment: GPIOA_Clear unused
GPIOA_Set 00000000

Symbol: GPIOA_Set
   Definitions
      At line 30 in file .\Driver\DriverJeuLaser.inc
   Uses
      None
Comment: GPIOA_Set unused
GPIOB_Clear 00000000

Symbol: GPIOB_Clear
   Definitions
      At line 51 in file .\Driver\DriverJeuLaser.inc
   Uses
      None
Comment: GPIOB_Clear unused
GPIOB_Set 00000000

Symbol: GPIOB_Set
   Definitions
      At line 33 in file .\Driver\DriverJeuLaser.inc
   Uses
      None
Comment: GPIOB_Set unused
GPIOC_Clear 00000000

Symbol: GPIOC_Clear
   Definitions
      At line 54 in file .\Driver\DriverJeuLaser.inc
   Uses
      None
Comment: GPIOC_Clear unused
GPIOC_Set 00000000

Symbol: GPIOC_Set
   Definitions
      At line 36 in file .\Driver\DriverJeuLaser.inc
   Uses
      None
Comment: GPIOC_Set unused
PWM_Set_Value_TIM3_Ch3 00000000

Symbol: PWM_Set_Value_TIM3_Ch3
   Definitions
      At line 18 in file .\Driver\DriverJeuLaser.inc
   Uses
      None
Comment: PWM_Set_Value_TIM3_Ch3 unused
Son 00000000

Symbol: Son



ARM Macro Assembler    Page 2 Alphabetic symbol ordering
External symbols

   Definitions
      At line 13 in file ..\PjtKEIL_StepSon\Src\GestionSon.s
   Uses
      At line 53 in file ..\PjtKEIL_StepSon\Src\GestionSon.s
Comment: Son used once
8 symbols
352 symbols in table
